16:39:05.418 [background-preinit] INFO  o.h.v.i.util.Version - [<clinit>,21] - HV000001: Hibernate Validator 6.2.3.Final
16:39:05.418 [restartedMain] INFO  c.p.ManagementApplication - [logStarting,55] - Starting ManagementApplication using Java 1.8.0_291 on SKY-20201130MXP with PID 9400 (E:\shenming\test\ry-single-rebuild\admin\target\classes started by Administrator in E:\shenming\test\ry-single-rebuild)
16:39:05.421 [restartedMain] INFO  c.p.ManagementApplication - [logStartupProfileInfo,681] - The following 1 profile is active: "druid"
16:39:06.955 [restartedMain] INFO  o.a.c.h.Http11NioProtocol - [log,173] - Initializing ProtocolHandler ["http-nio-8077"]
16:39:06.956 [restartedMain] INFO  o.a.c.c.StandardService - [log,173] - Starting service [Tomcat]
16:39:06.957 [restartedMain] INFO  o.a.c.c.StandardEngine - [log,173] - Starting Servlet engine: [Apache Tomcat/9.0.62]
16:39:07.078 [restartedMain] INFO  o.a.c.c.C.[.[.[/] - [log,173] - Initializing Spring embedded WebApplicationContext
16:39:07.621 [restartedMain] INFO  c.a.d.s.b.a.DruidDataSourceAutoConfigure - [dataSource,56] - Init DruidDataSource
16:39:07.695 [restartedMain] INFO  o.a.c.c.StandardService - [log,173] - Stopping service [Tomcat]
16:40:52.377 [background-preinit] INFO  o.h.v.i.util.Version - [<clinit>,21] - HV000001: Hibernate Validator 6.2.3.Final
16:40:52.375 [restartedMain] INFO  c.p.ManagementApplication - [logStarting,55] - Starting ManagementApplication using Java 1.8.0_291 on SKY-20201130MXP with PID 14140 (E:\shenming\test\ry-single-rebuild\admin\target\classes started by Administrator in E:\shenming\test\ry-single-rebuild)
16:40:52.378 [restartedMain] INFO  c.p.ManagementApplication - [logStartupProfileInfo,681] - The following 1 profile is active: "druid"
16:40:53.937 [restartedMain] INFO  o.a.c.h.Http11NioProtocol - [log,173] - Initializing ProtocolHandler ["http-nio-8077"]
16:40:53.938 [restartedMain] INFO  o.a.c.c.StandardService - [log,173] - Starting service [Tomcat]
16:40:53.938 [restartedMain] INFO  o.a.c.c.StandardEngine - [log,173] - Starting Servlet engine: [Apache Tomcat/9.0.62]
16:40:54.054 [restartedMain] INFO  o.a.c.c.C.[.[.[/] - [log,173] - Initializing Spring embedded WebApplicationContext
16:40:54.608 [restartedMain] INFO  c.a.d.s.b.a.DruidDataSourceAutoConfigure - [dataSource,56] - Init DruidDataSource
16:40:56.595 [restartedMain] INFO  c.a.d.p.DruidDataSource - [init,998] - {dataSource-1} inited
16:40:56.626 [restartedMain] INFO  c.a.d.p.DruidDataSource - [close,2071] - {dataSource-1} closing ...
16:40:56.631 [restartedMain] INFO  c.a.d.p.DruidDataSource - [close,2144] - {dataSource-1} closed
16:40:56.636 [restartedMain] INFO  o.a.c.c.StandardService - [log,173] - Stopping service [Tomcat]
16:41:48.196 [background-preinit] INFO  o.h.v.i.util.Version - [<clinit>,21] - HV000001: Hibernate Validator 6.2.3.Final
16:41:48.195 [restartedMain] INFO  c.p.ManagementApplication - [logStarting,55] - Starting ManagementApplication using Java 1.8.0_291 on SKY-20201130MXP with PID 9392 (E:\shenming\test\ry-single-rebuild\admin\target\classes started by Administrator in E:\shenming\test\ry-single-rebuild)
16:41:48.198 [restartedMain] INFO  c.p.ManagementApplication - [logStartupProfileInfo,681] - The following 1 profile is active: "druid"
16:41:49.958 [restartedMain] INFO  o.a.c.h.Http11NioProtocol - [log,173] - Initializing ProtocolHandler ["http-nio-8077"]
16:41:49.959 [restartedMain] INFO  o.a.c.c.StandardService - [log,173] - Starting service [Tomcat]
16:41:49.959 [restartedMain] INFO  o.a.c.c.StandardEngine - [log,173] - Starting Servlet engine: [Apache Tomcat/9.0.62]
16:41:50.085 [restartedMain] INFO  o.a.c.c.C.[.[.[/] - [log,173] - Initializing Spring embedded WebApplicationContext
16:41:50.655 [restartedMain] INFO  c.a.d.s.b.a.DruidDataSourceAutoConfigure - [dataSource,56] - Init DruidDataSource
16:41:52.425 [restartedMain] INFO  c.a.d.p.DruidDataSource - [init,998] - {dataSource-1} inited
16:41:52.460 [restartedMain] INFO  c.a.d.p.DruidDataSource - [close,2071] - {dataSource-1} closing ...
16:41:52.464 [restartedMain] INFO  c.a.d.p.DruidDataSource - [close,2144] - {dataSource-1} closed
16:41:52.470 [restartedMain] INFO  o.a.c.c.StandardService - [log,173] - Stopping service [Tomcat]
16:42:25.740 [restartedMain] INFO  c.p.ManagementApplication - [logStarting,55] - Starting ManagementApplication using Java 1.8.0_291 on SKY-20201130MXP with PID 12900 (E:\shenming\test\ry-single-rebuild\admin\target\classes started by Administrator in E:\shenming\test\ry-single-rebuild)
16:42:25.740 [background-preinit] INFO  o.h.v.i.util.Version - [<clinit>,21] - HV000001: Hibernate Validator 6.2.3.Final
16:42:25.742 [restartedMain] INFO  c.p.ManagementApplication - [logStartupProfileInfo,681] - The following 1 profile is active: "druid"
16:42:27.158 [restartedMain] INFO  o.a.c.h.Http11NioProtocol - [log,173] - Initializing ProtocolHandler ["http-nio-8077"]
16:42:27.159 [restartedMain] INFO  o.a.c.c.StandardService - [log,173] - Starting service [Tomcat]
16:42:27.159 [restartedMain] INFO  o.a.c.c.StandardEngine - [log,173] - Starting Servlet engine: [Apache Tomcat/9.0.62]
16:42:27.272 [restartedMain] INFO  o.a.c.c.C.[.[.[/] - [log,173] - Initializing Spring embedded WebApplicationContext
16:42:27.801 [restartedMain] INFO  c.a.d.s.b.a.DruidDataSourceAutoConfigure - [dataSource,56] - Init DruidDataSource
16:42:29.540 [restartedMain] INFO  c.a.d.p.DruidDataSource - [init,998] - {dataSource-1} inited
16:42:29.858 [restartedMain] INFO  o.a.c.h.Http11NioProtocol - [log,173] - Starting ProtocolHandler ["http-nio-8077"]
16:42:30.041 [restartedMain] INFO  c.p.ManagementApplication - [logStarted,61] - Started ManagementApplication in 4.671 seconds (JVM running for 5.572)
16:42:45.917 [SpringApplicationShutdownHook] INFO  c.a.d.p.DruidDataSource - [close,2071] - {dataSource-1} closing ...
16:42:45.922 [SpringApplicationShutdownHook] INFO  c.a.d.p.DruidDataSource - [close,2144] - {dataSource-1} closed
16:42:53.314 [background-preinit] INFO  o.h.v.i.util.Version - [<clinit>,21] - HV000001: Hibernate Validator 6.2.3.Final
16:42:53.313 [restartedMain] INFO  c.p.ManagementApplication - [logStarting,55] - Starting ManagementApplication using Java 1.8.0_291 on SKY-20201130MXP with PID 10216 (E:\shenming\test\ry-single-rebuild\admin\target\classes started by Administrator in E:\shenming\test\ry-single-rebuild)
16:42:53.316 [restartedMain] INFO  c.p.ManagementApplication - [logStartupProfileInfo,681] - The following 1 profile is active: "druid"
16:42:54.732 [restartedMain] INFO  o.a.c.h.Http11NioProtocol - [log,173] - Initializing ProtocolHandler ["http-nio-7077"]
16:42:54.733 [restartedMain] INFO  o.a.c.c.StandardService - [log,173] - Starting service [Tomcat]
16:42:54.733 [restartedMain] INFO  o.a.c.c.StandardEngine - [log,173] - Starting Servlet engine: [Apache Tomcat/9.0.62]
16:42:54.845 [restartedMain] INFO  o.a.c.c.C.[.[.[/] - [log,173] - Initializing Spring embedded WebApplicationContext
16:42:55.371 [restartedMain] INFO  c.a.d.s.b.a.DruidDataSourceAutoConfigure - [dataSource,56] - Init DruidDataSource
16:42:57.111 [restartedMain] INFO  c.a.d.p.DruidDataSource - [init,998] - {dataSource-1} inited
16:42:57.432 [restartedMain] INFO  o.a.c.h.Http11NioProtocol - [log,173] - Starting ProtocolHandler ["http-nio-7077"]
16:42:57.624 [restartedMain] INFO  c.p.ManagementApplication - [logStarted,61] - Started ManagementApplication in 4.682 seconds (JVM running for 5.576)
16:43:11.731 [http-nio-7077-exec-1] INFO  o.a.c.c.C.[.[.[/] - [log,173] - Initializing Spring DispatcherServlet 'dispatcherServlet'
16:46:20.280 [SpringApplicationShutdownHook] INFO  c.a.d.p.DruidDataSource - [close,2071] - {dataSource-1} closing ...
16:46:20.286 [SpringApplicationShutdownHook] INFO  c.a.d.p.DruidDataSource - [close,2144] - {dataSource-1} closed
16:46:26.908 [restartedMain] INFO  c.p.ManagementApplication - [logStarting,55] - Starting ManagementApplication using Java 1.8.0_291 on SKY-20201130MXP with PID 12576 (E:\shenming\test\ry-single-rebuild\admin\target\classes started by Administrator in E:\shenming\test\ry-single-rebuild)
16:46:26.908 [background-preinit] INFO  o.h.v.i.util.Version - [<clinit>,21] - HV000001: Hibernate Validator 6.2.3.Final
16:46:26.910 [restartedMain] INFO  c.p.ManagementApplication - [logStartupProfileInfo,681] - The following 1 profile is active: "druid"
16:46:28.368 [restartedMain] INFO  o.a.c.h.Http11NioProtocol - [log,173] - Initializing ProtocolHandler ["http-nio-7077"]
16:46:28.369 [restartedMain] INFO  o.a.c.c.StandardService - [log,173] - Starting service [Tomcat]
16:46:28.369 [restartedMain] INFO  o.a.c.c.StandardEngine - [log,173] - Starting Servlet engine: [Apache Tomcat/9.0.62]
16:46:28.490 [restartedMain] INFO  o.a.c.c.C.[.[.[/] - [log,173] - Initializing Spring embedded WebApplicationContext
16:46:29.050 [restartedMain] INFO  c.a.d.s.b.a.DruidDataSourceAutoConfigure - [dataSource,56] - Init DruidDataSource
16:46:30.838 [restartedMain] INFO  c.a.d.p.DruidDataSource - [init,998] - {dataSource-1} inited
16:46:31.253 [restartedMain] INFO  o.a.c.h.Http11NioProtocol - [log,173] - Starting ProtocolHandler ["http-nio-7077"]
16:46:31.439 [restartedMain] INFO  c.p.ManagementApplication - [logStarted,61] - Started ManagementApplication in 4.893 seconds (JVM running for 5.785)
16:46:38.777 [http-nio-7077-exec-1] INFO  o.a.c.c.C.[.[.[/] - [log,173] - Initializing Spring DispatcherServlet 'dispatcherServlet'
17:02:47.637 [SpringApplicationShutdownHook] INFO  c.a.d.p.DruidDataSource - [close,2071] - {dataSource-1} closing ...
17:02:47.638 [SpringApplicationShutdownHook] INFO  c.a.d.p.DruidDataSource - [close,2144] - {dataSource-1} closed
17:02:55.912 [background-preinit] INFO  o.h.v.i.util.Version - [<clinit>,21] - HV000001: Hibernate Validator 6.2.3.Final
17:02:55.945 [restartedMain] INFO  c.p.ManagementApplication - [logStarting,55] - Starting ManagementApplication using Java 1.8.0_291 on SKY-20201130MXP with PID 2920 (E:\shenming\test\ry-single-rebuild\admin\target\classes started by Administrator in E:\shenming\test\ry-single-rebuild)
17:02:55.945 [restartedMain] INFO  c.p.ManagementApplication - [logStartupProfileInfo,681] - The following 1 profile is active: "druid"
17:02:57.995 [restartedMain] INFO  o.a.c.h.Http11NioProtocol - [log,173] - Initializing ProtocolHandler ["http-nio-7077"]
17:02:57.996 [restartedMain] INFO  o.a.c.c.StandardService - [log,173] - Starting service [Tomcat]
17:02:57.996 [restartedMain] INFO  o.a.c.c.StandardEngine - [log,173] - Starting Servlet engine: [Apache Tomcat/9.0.62]
17:02:58.124 [restartedMain] INFO  o.a.c.c.C.[.[.[/] - [log,173] - Initializing Spring embedded WebApplicationContext
17:02:58.205 [restartedMain] INFO  o.a.c.c.StandardService - [log,173] - Stopping service [Tomcat]
17:04:08.416 [restartedMain] INFO  c.p.ManagementApplication - [logStarting,55] - Starting ManagementApplication using Java 1.8.0_291 on SKY-20201130MXP with PID 960 (E:\shenming\test\ry-single-rebuild\admin\target\classes started by Administrator in E:\shenming\test\ry-single-rebuild)
17:04:08.418 [background-preinit] INFO  o.h.v.i.util.Version - [<clinit>,21] - HV000001: Hibernate Validator 6.2.3.Final
17:04:08.419 [restartedMain] INFO  c.p.ManagementApplication - [logStartupProfileInfo,681] - The following 1 profile is active: "druid"
17:04:09.914 [restartedMain] INFO  o.a.c.h.Http11NioProtocol - [log,173] - Initializing ProtocolHandler ["http-nio-7077"]
17:04:09.915 [restartedMain] INFO  o.a.c.c.StandardService - [log,173] - Starting service [Tomcat]
17:04:09.915 [restartedMain] INFO  o.a.c.c.StandardEngine - [log,173] - Starting Servlet engine: [Apache Tomcat/9.0.62]
17:04:10.045 [restartedMain] INFO  o.a.c.c.C.[.[.[/] - [log,173] - Initializing Spring embedded WebApplicationContext
17:04:10.601 [restartedMain] INFO  c.a.d.s.b.a.DruidDataSourceAutoConfigure - [dataSource,56] - Init DruidDataSource
17:04:12.415 [restartedMain] INFO  c.a.d.p.DruidDataSource - [init,998] - {dataSource-1} inited
17:04:12.806 [restartedMain] INFO  o.a.c.h.Http11NioProtocol - [log,173] - Starting ProtocolHandler ["http-nio-7077"]
17:04:13.004 [restartedMain] INFO  c.p.ManagementApplication - [logStarted,61] - Started ManagementApplication in 4.96 seconds (JVM running for 5.853)
17:04:32.439 [http-nio-7077-exec-1] INFO  o.a.c.c.C.[.[.[/] - [log,173] - Initializing Spring DispatcherServlet 'dispatcherServlet'
17:04:59.629 [SpringApplicationShutdownHook] INFO  c.a.d.p.DruidDataSource - [close,2071] - {dataSource-1} closing ...
17:04:59.636 [SpringApplicationShutdownHook] INFO  c.a.d.p.DruidDataSource - [close,2144] - {dataSource-1} closed
17:12:13.795 [restartedMain] INFO  c.p.ManagementApplication - [logStarting,55] - Starting ManagementApplication using Java 1.8.0_291 on SKY-20201130MXP with PID 12280 (E:\shenming\test\ry-single-rebuild\admin\target\classes started by Administrator in E:\shenming\test\ry-single-rebuild)
17:12:13.795 [background-preinit] INFO  o.h.v.i.util.Version - [<clinit>,21] - HV000001: Hibernate Validator 6.2.3.Final
17:12:13.799 [restartedMain] INFO  c.p.ManagementApplication - [logStartupProfileInfo,681] - The following 1 profile is active: "druid"
17:12:15.574 [restartedMain] INFO  o.a.c.h.Http11NioProtocol - [log,173] - Initializing ProtocolHandler ["http-nio-7077"]
17:12:15.575 [restartedMain] INFO  o.a.c.c.StandardService - [log,173] - Starting service [Tomcat]
17:12:15.575 [restartedMain] INFO  o.a.c.c.StandardEngine - [log,173] - Starting Servlet engine: [Apache Tomcat/9.0.62]
17:12:15.701 [restartedMain] INFO  o.a.c.c.C.[.[.[/] - [log,173] - Initializing Spring embedded WebApplicationContext
17:12:16.394 [restartedMain] INFO  c.a.d.s.b.a.DruidDataSourceAutoConfigure - [dataSource,56] - Init DruidDataSource
17:12:18.353 [restartedMain] INFO  c.a.d.p.DruidDataSource - [init,998] - {dataSource-1} inited
17:12:18.801 [restartedMain] INFO  o.a.c.h.Http11NioProtocol - [log,173] - Starting ProtocolHandler ["http-nio-7077"]
17:12:19.084 [restartedMain] INFO  c.p.ManagementApplication - [logStarted,61] - Started ManagementApplication in 5.731 seconds (JVM running for 7.268)
17:12:43.758 [http-nio-7077-exec-1] INFO  o.a.c.c.C.[.[.[/] - [log,173] - Initializing Spring DispatcherServlet 'dispatcherServlet'
17:52:02.077 [SpringApplicationShutdownHook] INFO  c.a.d.p.DruidDataSource - [close,2071] - {dataSource-1} closing ...
17:52:02.079 [SpringApplicationShutdownHook] INFO  c.a.d.p.DruidDataSource - [close,2144] - {dataSource-1} closed
